<?xml version="1.0" encoding="UTF-8"?>
<!-- Generated by org.testng.reporters.JUnitReportReporter -->
<testsuite hostname="DESKTOP-GURU-NATIKAR" failures="0" tests="1" name="practice.JDBCSampleProgram" time="0.603" errors="0" timestamp="2025-03-21T16:46:19 IST" skipped="0">
  <testcase classname="practice.JDBCSampleProgram" name="SelectQuerySample" time="0.603"/>
  <system-out/>
</testsuite> <!-- practice.JDBCSampleProgram -->
